<?xml version="1.0" encoding="UTF-8"?>
<testng-results ignored="0" total="9" passed="9" failed="0" skipped="0">
  <reporter-output>
    <line>
      <![CDATA[z]]>
    </line>
    <line>
      <![CDATA[a]]>
    </line>
    <line>
      <![CDATA[b]]>
    </line>
    <line>
      <![CDATA[g]]>
    </line>
    <line>
      <![CDATA[k]]>
    </line>
    <line>
      <![CDATA[l]]>
    </line>
    <line>
      <![CDATA[h]]>
    </line>
    <line>
      <![CDATA[p]]>
    </line>
    <line>
      <![CDATA[m]]>
    </line>
  </reporter-output>
  <suite started-at="2023-04-26T00:11:16 IST" name="Default suite" finished-at="2023-04-26T00:11:16 IST" duration-ms="95">
    <groups>
    </groups>
    <test started-at="2023-04-26T00:11:16 IST" name="Default test" finished-at="2023-04-26T00:11:16 IST" duration-ms="95">
      <class name="testngFlag.Flag3_1">
        <test-method signature="z()[pri:-1, instance:testngFlag.Flag3_1@74455848]" started-at="2023-04-26T00:11:16 IST" name="z" finished-at="2023-04-26T00:11:16 IST" duration-ms="11" status="PASS">
          <reporter-output>
            <line>
              <![CDATA[z]]>
            </line>
          </reporter-output>
        </test-method> <!-- z -->
        <test-method signature="a()[pri:0, instance:testngFlag.Flag3_1@74455848]" started-at="2023-04-26T00:11:16 IST" name="a" finished-at="2023-04-26T00:11:16 IST" duration-ms="1" status="PASS">
          <reporter-output>
            <line>
              <![CDATA[a]]>
            </line>
          </reporter-output>
        </test-method> <!-- a -->
        <test-method signature="b()[pri:0, instance:testngFlag.Flag3_1@74455848]" started-at="2023-04-26T00:11:16 IST" name="b" finished-at="2023-04-26T00:11:16 IST" duration-ms="1" status="PASS">
          <reporter-output>
            <line>
              <![CDATA[b]]>
            </line>
          </reporter-output>
        </test-method> <!-- b -->
        <test-method signature="g()[pri:0, instance:testngFlag.Flag3_1@74455848]" started-at="2023-04-26T00:11:16 IST" name="g" finished-at="2023-04-26T00:11:16 IST" duration-ms="1" status="PASS">
          <reporter-output>
            <line>
              <![CDATA[g]]>
            </line>
          </reporter-output>
        </test-method> <!-- g -->
        <test-method signature="k()[pri:0, instance:testngFlag.Flag3_1@74455848]" started-at="2023-04-26T00:11:16 IST" name="k" finished-at="2023-04-26T00:11:16 IST" duration-ms="2" status="PASS">
          <reporter-output>
            <line>
              <![CDATA[k]]>
            </line>
          </reporter-output>
        </test-method> <!-- k -->
        <test-method signature="l()[pri:0, instance:testngFlag.Flag3_1@74455848]" started-at="2023-04-26T00:11:16 IST" name="l" finished-at="2023-04-26T00:11:16 IST" duration-ms="1" status="PASS">
          <reporter-output>
            <line>
              <![CDATA[l]]>
            </line>
          </reporter-output>
        </test-method> <!-- l -->
        <test-method signature="h()[pri:1, instance:testngFlag.Flag3_1@74455848]" started-at="2023-04-26T00:11:16 IST" name="h" finished-at="2023-04-26T00:11:16 IST" duration-ms="2" status="PASS">
          <reporter-output>
            <line>
              <![CDATA[h]]>
            </line>
          </reporter-output>
        </test-method> <!-- h -->
        <test-method signature="p()[pri:2, instance:testngFlag.Flag3_1@74455848]" started-at="2023-04-26T00:11:16 IST" name="p" finished-at="2023-04-26T00:11:16 IST" duration-ms="1" status="PASS">
          <reporter-output>
            <line>
              <![CDATA[p]]>
            </line>
          </reporter-output>
        </test-method> <!-- p -->
        <test-method signature="m()[pri:7, instance:testngFlag.Flag3_1@74455848]" started-at="2023-04-26T00:11:16 IST" name="m" finished-at="2023-04-26T00:11:16 IST" duration-ms="2" status="PASS">
          <reporter-output>
            <line>
              <![CDATA[m]]>
            </line>
          </reporter-output>
        </test-method> <!-- m -->
      </class> <!-- testngFlag.Flag3_1 -->
    </test> <!-- Default test -->
  </suite> <!-- Default suite -->
</testng-results>
