<?xml version="1.0" encoding="UTF-8"?>
<!-- Generated by org.testng.reporters.JUnitXMLReporter -->
<testsuite ignored="6" hostname="DESKTOP-5EHA9RM" failures="0" tests="12" name="Test" time="0.356" errors="0" timestamp="2023-03-30T19:42:35 IST">
  <testcase classname="testngFlag.GroupExecution" name="it1" time="0.031"/>
  <testcase classname="testngFlag.GroupExecution" name="it2" time="0.004"/>
  <testcase classname="testngFlag.GroupExecution" name="it3" time="0.006"/>
  <testcase classname="testngFlag.GroupExecution" name="it4" time="0.01"/>
  <testcase classname="testngFlag.GroupExecution" name="it5" time="0.009"/>
  <testcase classname="testngFlag.GroupExecution" name="it6" time="0.015"/>
  <testcase classname="testngFlag.GroupExecution" name="st1" time="0.004"/>
  <testcase classname="testngFlag.GroupExecution" name="st2" time="0.007"/>
  <testcase classname="testngFlag.GroupExecution" name="st3" time="0.005"/>
  <testcase classname="testngFlag.GroupExecution" name="st4" time="0.002"/>
  <testcase classname="testngFlag.GroupExecution" name="st5" time="0.003"/>
  <testcase classname="testngFlag.GroupExecution" name="st6" time="0.006"/>
  <testcase classname="testngFlag.GroupExecution" name="ft2" time="0.0">
    <ignored/>
  </testcase> <!-- ft2 -->
  <testcase classname="testngFlag.GroupExecution" name="ft1" time="0.0">
    <ignored/>
  </testcase> <!-- ft1 -->
  <testcase classname="testngFlag.GroupExecution" name="ft4" time="0.0">
    <ignored/>
  </testcase> <!-- ft4 -->
  <testcase classname="testngFlag.GroupExecution" name="ft3" time="0.0">
    <ignored/>
  </testcase> <!-- ft3 -->
  <testcase classname="testngFlag.GroupExecution" name="ft6" time="0.0">
    <ignored/>
  </testcase> <!-- ft6 -->
  <testcase classname="testngFlag.GroupExecution" name="ft5" time="0.0">
    <ignored/>
  </testcase> <!-- ft5 -->
</testsuite> <!-- Test -->
