<?xml version="1.0" encoding="UTF-8"?>
<!-- Generated by org.testng.reporters.JUnitXMLReporter -->
<testsuite ignored="0" hostname="LAPTOP-3AID347Q" failures="0" tests="9" name="Default test" time="0.095" errors="0" timestamp="2023-04-26T00:11:16 IST">
  <testcase classname="testngFlag.Flag3_1" name="z" time="0.011"/>
  <testcase classname="testngFlag.Flag3_1" name="a" time="0.001"/>
  <testcase classname="testngFlag.Flag3_1" name="b" time="0.001"/>
  <testcase classname="testngFlag.Flag3_1" name="g" time="0.001"/>
  <testcase classname="testngFlag.Flag3_1" name="k" time="0.002"/>
  <testcase classname="testngFlag.Flag3_1" name="l" time="0.001"/>
  <testcase classname="testngFlag.Flag3_1" name="h" time="0.002"/>
  <testcase classname="testngFlag.Flag3_1" name="p" time="0.001"/>
  <testcase classname="testngFlag.Flag3_1" name="m" time="0.002"/>
</testsuite> <!-- Default test -->
